
==============================================

!Mon Mar 22 09:43:07 PDT 2021

Processing file ESED_CustomerPreferences_UCA_IH_Publisher.
Application file ESED_CustomerPreferences_UCA_IH_Publisher.appzip successfully added to the BAR.
Application compiled contents:
    
    Processing file ESED_CustomerPreferences_UCA_IH_Publisher\com\abs\uca\cfms\ESED_CFMS_CMM_Transformer_Compute.esql.
    Successfully added file ESED_CustomerPreferences_UCA_IH_Publisher\com\abs\uca\cfms\ESED_CFMS_CMM_Transformer_Compute.esql to BAR file.
    
    
    Processing file ESED_CustomerPreferences_UCA_IH_Publisher\com\abs\uca\cfms\TestFlow_inputMessage.xml.
    Successfully added file ESED_CustomerPreferences_UCA_IH_Publisher\com\abs\uca\cfms\TestFlow_inputMessage.xml to BAR file.
    
    
    Processing file ESED_CustomerPreferences_UCA_IH_PublisherJava\lib\kafka-clients-2.6.0.jar.
    Successfully added file ESED_CustomerPreferences_UCA_IH_PublisherJava\lib\kafka-clients-2.6.0.jar to BAR file.
    Elapsed time: 0.015 second(s).
    
    
    Processing file ESED_CustomerPreferences_UCA_IH_PublisherJava\lib\slf4j-log4j12-1.7.30.jar.
    Successfully added file ESED_CustomerPreferences_UCA_IH_PublisherJava\lib\slf4j-log4j12-1.7.30.jar to BAR file.
    Elapsed time: 0 second(s).
    
    
    Processing file EDIS_AUDIT_EXCEPTION_SUBFLOWS.
    Library file EDIS_AUDIT_EXCEPTION_SUBFLOWS.libzip successfully added to the BAR.
    Library compiled contents:
        
        Processing file EDIS_AUDIT_EXCEPTION_SUBFLOWS\com\abs\cmnflows\Audit_Validate_Output_Compute.esql.
        Dependent ESQL file com/abs/cmnflows/Common_Utils.esql is added to the BAR file.
        
        Successfully added file EDIS_AUDIT_EXCEPTION_SUBFLOWS\com\abs\cmnflows\Audit_Validate_Output_Compute.esql to BAR file.
        
        
        Processing file EDIS_AUDIT_EXCEPTION_SUBFLOWS\com\abs\cmnflows\Common_Utils.esql.
        Successfully added file EDIS_AUDIT_EXCEPTION_SUBFLOWS\com\abs\cmnflows\Common_Utils.esql to BAR file.
        
        
        Processing file EDIS_AUDIT_EXCEPTION_SUBFLOWS\library.descriptor.
        Successfully added file EDIS_AUDIT_EXCEPTION_SUBFLOWS\library.descriptor to BAR file.
        Elapsed time: 0 second(s).
        
        Successfully added file EDIS_AUDIT_EXCEPTION_SUBFLOWS\library.descriptor to BAR file.
        
        
        Processing file EDIS_AUDIT_EXCEPTION_SUBFLOWS\com\abs\cmnflows\Audit_Validate_Input.subflow.
        Successfully added file EDIS_AUDIT_EXCEPTION_SUBFLOWS\com\abs\cmnflows\Audit_Validate_Input.subflow to BAR file.
        
        
        Processing file EDIS_AUDIT_EXCEPTION_SUBFLOWS\com\abs\cmnflows\Audit_Validate_Output.subflow.
        Successfully added file EDIS_AUDIT_EXCEPTION_SUBFLOWS\com\abs\cmnflows\Audit_Validate_Output.subflow to BAR file.
        
        
        Processing file EDIS_AUDIT_EXCEPTION_SUBFLOWS\com\abs\cmnflows\ExceptionSubFlow.esql.
        Successfully added file EDIS_AUDIT_EXCEPTION_SUBFLOWS\com\abs\cmnflows\ExceptionSubFlow.esql to BAR file.
        
        
        Processing file EDIS_AUDIT_EXCEPTION_SUBFLOWS\com\abs\cmnflows\Audit_Validate_Input_Compute.esql.
        Dependent ESQL file com/abs/cmnflows/Common_Utils.esql is added to the BAR file.
        
        Successfully added file EDIS_AUDIT_EXCEPTION_SUBFLOWS\com\abs\cmnflows\Audit_Validate_Input_Compute.esql to BAR file.
        
        
        Processing file EDIS_AUDIT_EXCEPTION_SUBFLOWS\com\abs\cmnflows\ExceptionSubFlow.subflow.
        Successfully added file EDIS_AUDIT_EXCEPTION_SUBFLOWS\com\abs\cmnflows\ExceptionSubFlow.subflow to BAR file.
        
    
    Elapsed time: 0.163 second(s).
    
    
    Processing file ESED_CustomerPreferences_UCA_IH_PublisherJava\lib\log4j-1.2.17.jar.
    Successfully added file ESED_CustomerPreferences_UCA_IH_PublisherJava\lib\log4j-1.2.17.jar to BAR file.
    Elapsed time: 0 second(s).
    
    
    Processing file ESED_CustomerPreferences_UCA_IH_Publisher\com\abs\uca\cfms\ESED_CFMS_CMM_Transformer.subflow.
    Successfully added file ESED_CustomerPreferences_UCA_IH_Publisher\com\abs\uca\cfms\ESED_CFMS_CMM_Transformer.subflow to BAR file.
    
    
    Processing file ESED_CustomerPreferences_UCA_IH_PublisherJava\lib\slf4j-api-1.7.30.jar.
    Successfully added file ESED_CustomerPreferences_UCA_IH_PublisherJava\lib\slf4j-api-1.7.30.jar to BAR file.
    Elapsed time: 0 second(s).
    
    
    Processing file ESED_CustomerPreferences_UCA_IH_Publisher\application.descriptor.
    Successfully added file ESED_CustomerPreferences_UCA_IH_Publisher\application.descriptor to BAR file.
    Elapsed time: 0 second(s).
    
    Successfully added file ESED_CustomerPreferences_UCA_IH_Publisher\application.descriptor to BAR file.
    
    
    Processing file ESED_CustomerPreferences_UCA_IH_Publisher\com\abs\uca\cfms\ESED_CustomerPreferences_UCA_IH_Publisher.msgflow.
    Successfully added file ESED_CustomerPreferences_UCA_IH_Publisher\com\abs\uca\cfms\ESED_CustomerPreferences_UCA_IH_Publisher.msgflow to BAR file.
    
    
    Processing file ESED_CustomerPreferences_UCA_IH_Publisher\com\abs\uca\cfms\TEST_inputMessage.xml.
    Successfully added file ESED_CustomerPreferences_UCA_IH_Publisher\com\abs\uca\cfms\TEST_inputMessage.xml to BAR file.
    
    
    Processing file ESED_CustomerPreferences_UCA_IH_PublisherJava\.classpath.
    Successfully added file ESED_CustomerPreferences_UCA_IH_PublisherJava\.classpath to BAR file.
    Elapsed time: 0.169 second(s).
    

Elapsed time: 0.835 second(s).
